2017-05-08 12:52:28.044  INFO 4720 --- [main] com.example.Application                  : Starting Application on DIN52004226 with PID 4720 (started by amosurya in D:\Java Practis\SpringBoot)
2017-05-08 12:52:28.046  INFO 4720 --- [main] com.example.Application                  : No active profile set, falling back to default profiles: default
2017-05-08 12:52:28.105  INFO 4720 --- [main] ationConfigEmbeddedWebApplicationContext : Refreshing org.springframework.boot.context.embedded.AnnotationConfigEmbeddedWebApplicationContext@2d127a61: startup date [Mon May 08 12:52:28 IST 2017]; root of context hierarchy
2017-05-08 12:52:29.234  INFO 4720 --- [main] s.b.c.e.t.TomcatEmbeddedServletContainer : Tomcat initialized with port(s): 8080 (http)
2017-05-08 12:52:29.245  INFO 4720 --- [main] o.apache.catalina.core.StandardService   : Starting service Tomcat
2017-05-08 12:52:29.246  INFO 4720 --- [main] org.apache.catalina.core.StandardEngine  : Starting Servlet Engine: Apache Tomcat/8.5.14
2017-05-08 12:52:29.345  INFO 4720 --- [localhost-startStop-1] o.a.c.c.C.[Tomcat].[localhost].[/]       : Initializing Spring embedded WebApplicationContext
2017-05-08 12:52:29.346  INFO 4720 --- [localhost-startStop-1] o.s.web.context.ContextLoader            : Root WebApplicationContext: initialization completed in 1244 ms
2017-05-08 12:52:29.499  INFO 4720 --- [localhost-startStop-1] o.s.b.w.servlet.FilterRegistrationBean   : Mapping filter: 'characterEncodingFilter' to: [/*]
2017-05-08 12:52:29.499  INFO 4720 --- [localhost-startStop-1] o.s.b.w.servlet.FilterRegistrationBean   : Mapping filter: 'hiddenHttpMethodFilter' to: [/*]
2017-05-08 12:52:29.499  INFO 4720 --- [localhost-startStop-1] o.s.b.w.servlet.FilterRegistrationBean   : Mapping filter: 'httpPutFormContentFilter' to: [/*]
2017-05-08 12:52:29.500  INFO 4720 --- [localhost-startStop-1] o.s.b.w.servlet.FilterRegistrationBean   : Mapping filter: 'requestContextFilter' to: [/*]
2017-05-08 12:52:29.501  INFO 4720 --- [localhost-startStop-1] .s.DelegatingFilterProxyRegistrationBean : Mapping filter: 'springSecurityFilterChain' to: [/*]
2017-05-08 12:52:29.501  INFO 4720 --- [localhost-startStop-1] o.s.b.w.servlet.ServletRegistrationBean  : Mapping servlet: 'dispatcherServlet' to [/]
2017-05-08 12:52:29.690  INFO 4720 --- [main] s.w.s.m.m.a.RequestMappingHandlerAdapter : Looking for @ControllerAdvice: org.springframework.boot.context.embedded.AnnotationConfigEmbeddedWebApplicationContext@2d127a61: startup date [Mon May 08 12:52:28 IST 2017]; root of context hierarchy
2017-05-08 12:52:29.737  INFO 4720 --- [main] s.w.s.m.m.a.RequestMappingHandlerMapping : Mapped "{[/hello]}" onto public java.lang.String com.example.HelloController.hello(java.lang.String)
2017-05-08 12:52:29.740  INFO 4720 --- [main] s.w.s.m.m.a.RequestMappingHandlerMapping : Mapped "{[/error]}" onto public org.springframework.http.ResponseEntity<java.util.Map<java.lang.String, java.lang.Object>> org.springframework.boot.autoconfigure.web.BasicErrorController.error(javax.servlet.http.HttpServletRequest)
2017-05-08 12:52:29.740  INFO 4720 --- [main] s.w.s.m.m.a.RequestMappingHandlerMapping : Mapped "{[/error],produces=[text/html]}" onto public org.springframework.web.servlet.ModelAndView org.springframework.boot.autoconfigure.web.BasicErrorController.errorHtml(javax.servlet.http.HttpServletRequest,javax.servlet.http.HttpServletResponse)
2017-05-08 12:52:29.759  INFO 4720 --- [main] o.s.w.s.handler.SimpleUrlHandlerMapping  : Mapped URL path [/webjars/**] onto handler of type [class org.springframework.web.servlet.resource.ResourceHttpRequestHandler]
2017-05-08 12:52:29.759  INFO 4720 --- [main] o.s.w.s.handler.SimpleUrlHandlerMapping  : Mapped URL path [/**] onto handler of type [class org.springframework.web.servlet.resource.ResourceHttpRequestHandler]
2017-05-08 12:52:29.784  INFO 4720 --- [main] o.s.w.s.handler.SimpleUrlHandlerMapping  : Mapped URL path [/**/favicon.ico] onto handler of type [class org.springframework.web.servlet.resource.ResourceHttpRequestHandler]
2017-05-08 12:52:29.947  INFO 4720 --- [main] b.a.s.AuthenticationManagerConfiguration : 

Using default security password: 67c24196-16ac-4814-a4df-05b874ecd089

2017-05-08 12:52:29.991  INFO 4720 --- [main] o.s.s.web.DefaultSecurityFilterChain     : Creating filter chain: OrRequestMatcher [requestMatchers=[Ant [pattern='/css/**'], Ant [pattern='/js/**'], Ant [pattern='/images/**'], Ant [pattern='/webjars/**'], Ant [pattern='/**/favicon.ico'], Ant [pattern='/error']]], []
2017-05-08 12:52:30.042  INFO 4720 --- [main] o.s.s.web.DefaultSecurityFilterChain     : Creating filter chain: OrRequestMatcher [requestMatchers=[Ant [pattern='/**']]], [org.springframework.security.web.context.request.async.WebAsyncManagerIntegrationFilter@df1cff6, org.springframework.security.web.context.SecurityContextPersistenceFilter@6974a715, org.springframework.security.web.header.HeaderWriterFilter@1d81e101, org.springframework.security.web.authentication.logout.LogoutFilter@47dd778, org.springframework.security.web.authentication.www.BasicAuthenticationFilter@16943e88, org.springframework.security.web.savedrequest.RequestCacheAwareFilter@43d455c9, org.springframework.security.web.servletapi.SecurityContextHolderAwareRequestFilter@c7a977f, org.springframework.security.web.authentication.AnonymousAuthenticationFilter@4925f4f5, org.springframework.security.web.session.SessionManagementFilter@6c000e0c, org.springframework.security.web.access.ExceptionTranslationFilter@415e0bcb, org.springframework.security.web.access.intercept.FilterSecurityInterceptor@56f2bbea]
2017-05-08 12:52:30.112  INFO 4720 --- [main] o.s.j.e.a.AnnotationMBeanExporter        : Registering beans for JMX exposure on startup
2017-05-08 12:52:30.156  INFO 4720 --- [main] s.b.c.e.t.TomcatEmbeddedServletContainer : Tomcat started on port(s): 8080 (http)
2017-05-08 12:52:30.160  INFO 4720 --- [main] com.example.Application                  : Started Application in 2.405 seconds (JVM running for 2.869)
2017-05-08 12:52:38.362  INFO 4720 --- [http-nio-8080-exec-1] o.a.c.c.C.[Tomcat].[localhost].[/]       : Initializing Spring FrameworkServlet 'dispatcherServlet'
2017-05-08 12:52:38.362  INFO 4720 --- [http-nio-8080-exec-1] o.s.web.servlet.DispatcherServlet        : FrameworkServlet 'dispatcherServlet': initialization started
2017-05-08 12:52:38.378  INFO 4720 --- [http-nio-8080-exec-1] o.s.web.servlet.DispatcherServlet        : FrameworkServlet 'dispatcherServlet': initialization completed in 16 ms
